[0m20:58:58.223670 [debug] [MainThread]: Sending event: {'category': 'dbt', 'action': 'invocation', 'label': 'start', 'context': [<snowplow_tracker.self_describing_json.SelfDescribingJson object at 0x0000019AC089CE50>, <snowplow_tracker.self_describing_json.SelfDescribingJson object at 0x0000019AC089D150>, <snowplow_tracker.self_describing_json.SelfDescribingJson object at 0x0000019AC089D390>]}


============================== 20:58:58.227491 | 57dc8b53-8dde-4e83-8edf-4886132f7890 ==============================
[0m20:58:58.227491 [info ] [MainThread]: Running with dbt=1.7.2
[0m20:58:58.228492 [debug] [MainThread]: running dbt with arguments {'printer_width': '80', 'indirect_selection': 'eager', 'log_cache_events': 'False', 'write_json': 'True', 'partial_parse': 'True', 'cache_selected_only': 'False', 'profiles_dir': 'C:\\Users\\bruno\\.dbt', 'debug': 'False', 'version_check': 'True', 'log_path': 'logs', 'fail_fast': 'False', 'warn_error': 'None', 'use_colors': 'True', 'use_experimental_parser': 'False', 'no_print': 'None', 'quiet': 'False', 'log_format': 'default', 'introspect': 'True', 'invocation_command': 'dbt debug', 'warn_error_options': 'WarnErrorOptions(include=[], exclude=[])', 'target_path': 'None', 'static_parser': 'True', 'send_anonymous_usage_stats': 'True'}
[0m20:58:58.229492 [info ] [MainThread]: dbt version: 1.7.2
[0m20:58:58.229492 [info ] [MainThread]: python version: 3.11.4
[0m20:58:58.230498 [info ] [MainThread]: python path: C:\Users\bruno\Documents\dbtlearn\venv\Scripts\python.exe
[0m20:58:58.230498 [info ] [MainThread]: os info: Windows-10-10.0.22631-SP0
[0m20:58:58.231498 [info ] [MainThread]: Using profiles dir at C:\Users\bruno\.dbt
[0m20:58:58.231498 [info ] [MainThread]: Using profiles.yml file at C:\Users\bruno\.dbt\profiles.yml
[0m20:58:58.232497 [info ] [MainThread]: Using dbt_project.yml file at C:\Users\bruno\Documents\dbtlearn\dbt_project.yml
[0m20:58:58.232497 [info ] [MainThread]: Configuration:
[0m20:58:58.233505 [info ] [MainThread]:   profiles.yml file [[31mERROR not found[0m]
[0m20:58:58.234045 [info ] [MainThread]:   dbt_project.yml file [[31mERROR not found[0m]
[0m20:58:58.234045 [info ] [MainThread]: Required dependencies:
[0m20:58:58.235060 [debug] [MainThread]: Executing "git --help"
[0m20:58:58.265387 [debug] [MainThread]: STDOUT: "b"usage: git [-v | --version] [-h | --help] [-C <path>] [-c <name>=<value>]\n           [--exec-path[=<path>]] [--html-path] [--man-path] [--info-path]\n           [-p | --paginate | -P | --no-pager] [--no-replace-objects] [--bare]\n           [--git-dir=<path>] [--work-tree=<path>] [--namespace=<name>]\n           [--config-env=<name>=<envvar>] <command> [<args>]\n\nThese are common Git commands used in various situations:\n\nstart a working area (see also: git help tutorial)\n   clone     Clone a repository into a new directory\n   init      Create an empty Git repository or reinitialize an existing one\n\nwork on the current change (see also: git help everyday)\n   add       Add file contents to the index\n   mv        Move or rename a file, a directory, or a symlink\n   restore   Restore working tree files\n   rm        Remove files from the working tree and from the index\n\nexamine the history and state (see also: git help revisions)\n   bisect    Use binary search to find the commit that introduced a bug\n   diff      Show changes between commits, commit and working tree, etc\n   grep      Print lines matching a pattern\n   log       Show commit logs\n   show      Show various types of objects\n   status    Show the working tree status\n\ngrow, mark and tweak your common history\n   branch    List, create, or delete branches\n   commit    Record changes to the repository\n   merge     Join two or more development histories together\n   rebase    Reapply commits on top of another base tip\n   reset     Reset current HEAD to the specified state\n   switch    Switch branches\n   tag       Create, list, delete or verify a tag object signed with GPG\n\ncollaborate (see also: git help workflows)\n   fetch     Download objects and refs from another repository\n   pull      Fetch from and integrate with another repository or a local branch\n   push      Update remote refs along with associated objects\n\n'git help -a' and 'git help -g' list available subcommands and some\nconcept guides. See 'git help <command>' or 'git help <concept>'\nto read about a specific subcommand or concept.\nSee 'git help git' for an overview of the system.\n""
[0m20:58:58.266387 [debug] [MainThread]: STDERR: "b''"
[0m20:58:58.266387 [info ] [MainThread]:  - git [[32mOK found[0m]

[0m20:58:58.267387 [info ] [MainThread]: Connection test skipped since no profile was found
[0m20:58:58.268399 [info ] [MainThread]: [31m2 checks failed:[0m
[0m20:58:58.268399 [info ] [MainThread]: dbt looked for a profiles.yml file in C:\Users\bruno\.dbt\profiles.yml, but did
not find one. For more information on configuring your profile, consult the
documentation:

https://docs.getdbt.com/docs/configure-your-profile


[0m20:58:58.269398 [info ] [MainThread]: Project loading failed for the following reason:
 project path <C:\Users\bruno\Documents\dbtlearn\dbt_project.yml> not found

[0m20:58:58.270388 [debug] [MainThread]: Command `dbt debug` failed at 20:58:58.270388 after 0.05 seconds
[0m20:58:58.270388 [debug] [MainThread]: Sending event: {'category': 'dbt', 'action': 'invocation', 'label': 'end', 'context': [<snowplow_tracker.self_describing_json.SelfDescribingJson object at 0x0000019AC017C4D0>, <snowplow_tracker.self_describing_json.SelfDescribingJson object at 0x0000019AC08AFBD0>, <snowplow_tracker.self_describing_json.SelfDescribingJson object at 0x0000019AC08AFFD0>]}
[0m20:58:58.271388 [debug] [MainThread]: Flushing usage events
[0m21:01:06.504601 [debug] [MainThread]: Sending event: {'category': 'dbt', 'action': 'invocation', 'label': 'start', 'context': [<snowplow_tracker.self_describing_json.SelfDescribingJson object at 0x00000221B751DDD0>, <snowplow_tracker.self_describing_json.SelfDescribingJson object at 0x00000221B7513ED0>, <snowplow_tracker.self_describing_json.SelfDescribingJson object at 0x00000221B75121D0>]}


============================== 21:01:06.508108 | c3344260-100c-49b1-95d9-20ba03d19a22 ==============================
[0m21:01:06.508108 [info ] [MainThread]: Running with dbt=1.7.2
[0m21:01:06.509109 [debug] [MainThread]: running dbt with arguments {'printer_width': '80', 'indirect_selection': 'eager', 'log_cache_events': 'False', 'write_json': 'True', 'partial_parse': 'True', 'cache_selected_only': 'False', 'warn_error': 'None', 'version_check': 'True', 'profiles_dir': 'C:\\Users\\bruno\\.dbt', 'log_path': 'logs', 'debug': 'False', 'fail_fast': 'False', 'use_colors': 'True', 'use_experimental_parser': 'False', 'no_print': 'None', 'quiet': 'False', 'warn_error_options': 'WarnErrorOptions(include=[], exclude=[])', 'static_parser': 'True', 'introspect': 'True', 'invocation_command': 'dbt debug', 'target_path': 'None', 'log_format': 'default', 'send_anonymous_usage_stats': 'True'}
[0m21:01:06.510109 [info ] [MainThread]: dbt version: 1.7.2
[0m21:01:06.510109 [info ] [MainThread]: python version: 3.11.4
[0m21:01:06.511108 [info ] [MainThread]: python path: C:\Users\bruno\Documents\dbtlearn\venv\Scripts\python.exe
[0m21:01:06.511616 [info ] [MainThread]: os info: Windows-10-10.0.22631-SP0
[0m21:01:06.511616 [info ] [MainThread]: Using profiles dir at C:\Users\bruno\.dbt
[0m21:01:06.512630 [info ] [MainThread]: Using profiles.yml file at C:\Users\bruno\.dbt\profiles.yml
[0m21:01:06.512630 [info ] [MainThread]: Using dbt_project.yml file at C:\Users\bruno\Documents\dbtlearn\dbt_project.yml
[0m21:01:06.512630 [info ] [MainThread]: Configuration:
[0m21:01:06.513628 [info ] [MainThread]:   profiles.yml file [[31mERROR not found[0m]
[0m21:01:06.513628 [info ] [MainThread]:   dbt_project.yml file [[31mERROR not found[0m]
[0m21:01:06.514628 [info ] [MainThread]: Required dependencies:
[0m21:01:06.514628 [debug] [MainThread]: Executing "git --help"
[0m21:01:06.537630 [debug] [MainThread]: STDOUT: "b"usage: git [-v | --version] [-h | --help] [-C <path>] [-c <name>=<value>]\n           [--exec-path[=<path>]] [--html-path] [--man-path] [--info-path]\n           [-p | --paginate | -P | --no-pager] [--no-replace-objects] [--bare]\n           [--git-dir=<path>] [--work-tree=<path>] [--namespace=<name>]\n           [--config-env=<name>=<envvar>] <command> [<args>]\n\nThese are common Git commands used in various situations:\n\nstart a working area (see also: git help tutorial)\n   clone     Clone a repository into a new directory\n   init      Create an empty Git repository or reinitialize an existing one\n\nwork on the current change (see also: git help everyday)\n   add       Add file contents to the index\n   mv        Move or rename a file, a directory, or a symlink\n   restore   Restore working tree files\n   rm        Remove files from the working tree and from the index\n\nexamine the history and state (see also: git help revisions)\n   bisect    Use binary search to find the commit that introduced a bug\n   diff      Show changes between commits, commit and working tree, etc\n   grep      Print lines matching a pattern\n   log       Show commit logs\n   show      Show various types of objects\n   status    Show the working tree status\n\ngrow, mark and tweak your common history\n   branch    List, create, or delete branches\n   commit    Record changes to the repository\n   merge     Join two or more development histories together\n   rebase    Reapply commits on top of another base tip\n   reset     Reset current HEAD to the specified state\n   switch    Switch branches\n   tag       Create, list, delete or verify a tag object signed with GPG\n\ncollaborate (see also: git help workflows)\n   fetch     Download objects and refs from another repository\n   pull      Fetch from and integrate with another repository or a local branch\n   push      Update remote refs along with associated objects\n\n'git help -a' and 'git help -g' list available subcommands and some\nconcept guides. See 'git help <command>' or 'git help <concept>'\nto read about a specific subcommand or concept.\nSee 'git help git' for an overview of the system.\n""
[0m21:01:06.538629 [debug] [MainThread]: STDERR: "b''"
[0m21:01:06.538629 [info ] [MainThread]:  - git [[32mOK found[0m]

[0m21:01:06.539628 [info ] [MainThread]: Connection test skipped since no profile was found
[0m21:01:06.539628 [info ] [MainThread]: [31m2 checks failed:[0m
[0m21:01:06.540641 [info ] [MainThread]: dbt looked for a profiles.yml file in C:\Users\bruno\.dbt\profiles.yml, but did
not find one. For more information on configuring your profile, consult the
documentation:

https://docs.getdbt.com/docs/configure-your-profile


[0m21:01:06.540641 [info ] [MainThread]: Project loading failed for the following reason:
 project path <C:\Users\bruno\Documents\dbtlearn\dbt_project.yml> not found

[0m21:01:06.541645 [debug] [MainThread]: Command `dbt debug` failed at 21:01:06.541645 after 0.05 seconds
[0m21:01:06.542638 [debug] [MainThread]: Sending event: {'category': 'dbt', 'action': 'invocation', 'label': 'end', 'context': [<snowplow_tracker.self_describing_json.SelfDescribingJson object at 0x00000221B04B9190>, <snowplow_tracker.self_describing_json.SelfDescribingJson object at 0x00000221B04B8550>, <snowplow_tracker.self_describing_json.SelfDescribingJson object at 0x00000221B72EEE10>]}
[0m21:01:06.542638 [debug] [MainThread]: Flushing usage events
[0m21:01:58.136716 [debug] [MainThread]: Sending event: {'category': 'dbt', 'action': 'invocation', 'label': 'start', 'context': [<snowplow_tracker.self_describing_json.SelfDescribingJson object at 0x0000025E0254CF10>, <snowplow_tracker.self_describing_json.SelfDescribingJson object at 0x0000025E025439D0>, <snowplow_tracker.self_describing_json.SelfDescribingJson object at 0x0000025E02543110>]}


============================== 21:01:58.139725 | 27131ff3-0144-44f0-b55a-d69c22485639 ==============================
[0m21:01:58.139725 [info ] [MainThread]: Running with dbt=1.7.2
[0m21:01:58.140716 [debug] [MainThread]: running dbt with arguments {'printer_width': '80', 'indirect_selection': 'eager', 'write_json': 'True', 'log_cache_events': 'False', 'partial_parse': 'True', 'cache_selected_only': 'False', 'warn_error': 'None', 'version_check': 'True', 'fail_fast': 'False', 'log_path': 'logs', 'profiles_dir': 'C:\\Users\\bruno\\.dbt', 'debug': 'False', 'use_colors': 'True', 'use_experimental_parser': 'False', 'no_print': 'None', 'quiet': 'False', 'warn_error_options': 'WarnErrorOptions(include=[], exclude=[])', 'static_parser': 'True', 'log_format': 'default', 'introspect': 'True', 'target_path': 'None', 'invocation_command': 'dbt debug', 'send_anonymous_usage_stats': 'True'}
[0m21:01:58.141716 [info ] [MainThread]: dbt version: 1.7.2
[0m21:01:58.141716 [info ] [MainThread]: python version: 3.11.4
[0m21:01:58.142716 [info ] [MainThread]: python path: C:\Users\bruno\Documents\dbtlearn\venv\Scripts\python.exe
[0m21:01:58.143173 [info ] [MainThread]: os info: Windows-10-10.0.22631-SP0
[0m21:01:58.143173 [info ] [MainThread]: Using profiles dir at C:\Users\bruno\.dbt
[0m21:01:58.144187 [info ] [MainThread]: Using profiles.yml file at C:\Users\bruno\.dbt\profiles.yml
[0m21:01:58.144187 [info ] [MainThread]: Using dbt_project.yml file at C:\Users\bruno\Documents\dbtlearn\dbt_project.yml
[0m21:01:58.145186 [info ] [MainThread]: Configuration:
[0m21:01:58.145186 [info ] [MainThread]:   profiles.yml file [[31mERROR not found[0m]
[0m21:01:58.145186 [info ] [MainThread]:   dbt_project.yml file [[31mERROR not found[0m]
[0m21:01:58.146186 [info ] [MainThread]: Required dependencies:
[0m21:01:58.146186 [debug] [MainThread]: Executing "git --help"
[0m21:01:58.171202 [debug] [MainThread]: STDOUT: "b"usage: git [-v | --version] [-h | --help] [-C <path>] [-c <name>=<value>]\n           [--exec-path[=<path>]] [--html-path] [--man-path] [--info-path]\n           [-p | --paginate | -P | --no-pager] [--no-replace-objects] [--bare]\n           [--git-dir=<path>] [--work-tree=<path>] [--namespace=<name>]\n           [--config-env=<name>=<envvar>] <command> [<args>]\n\nThese are common Git commands used in various situations:\n\nstart a working area (see also: git help tutorial)\n   clone     Clone a repository into a new directory\n   init      Create an empty Git repository or reinitialize an existing one\n\nwork on the current change (see also: git help everyday)\n   add       Add file contents to the index\n   mv        Move or rename a file, a directory, or a symlink\n   restore   Restore working tree files\n   rm        Remove files from the working tree and from the index\n\nexamine the history and state (see also: git help revisions)\n   bisect    Use binary search to find the commit that introduced a bug\n   diff      Show changes between commits, commit and working tree, etc\n   grep      Print lines matching a pattern\n   log       Show commit logs\n   show      Show various types of objects\n   status    Show the working tree status\n\ngrow, mark and tweak your common history\n   branch    List, create, or delete branches\n   commit    Record changes to the repository\n   merge     Join two or more development histories together\n   rebase    Reapply commits on top of another base tip\n   reset     Reset current HEAD to the specified state\n   switch    Switch branches\n   tag       Create, list, delete or verify a tag object signed with GPG\n\ncollaborate (see also: git help workflows)\n   fetch     Download objects and refs from another repository\n   pull      Fetch from and integrate with another repository or a local branch\n   push      Update remote refs along with associated objects\n\n'git help -a' and 'git help -g' list available subcommands and some\nconcept guides. See 'git help <command>' or 'git help <concept>'\nto read about a specific subcommand or concept.\nSee 'git help git' for an overview of the system.\n""
[0m21:01:58.172192 [debug] [MainThread]: STDERR: "b''"
[0m21:01:58.172192 [info ] [MainThread]:  - git [[32mOK found[0m]

[0m21:01:58.173190 [info ] [MainThread]: Connection test skipped since no profile was found
[0m21:01:58.173190 [info ] [MainThread]: [31m2 checks failed:[0m
[0m21:01:58.174192 [info ] [MainThread]: dbt looked for a profiles.yml file in C:\Users\bruno\.dbt\profiles.yml, but did
not find one. For more information on configuring your profile, consult the
documentation:

https://docs.getdbt.com/docs/configure-your-profile


[0m21:01:58.174192 [info ] [MainThread]: Project loading failed for the following reason:
 project path <C:\Users\bruno\Documents\dbtlearn\dbt_project.yml> not found

[0m21:01:58.175344 [debug] [MainThread]: Command `dbt debug` failed at 21:01:58.175344 after 0.05 seconds
[0m21:01:58.176342 [debug] [MainThread]: Sending event: {'category': 'dbt', 'action': 'invocation', 'label': 'end', 'context': [<snowplow_tracker.self_describing_json.SelfDescribingJson object at 0x0000025E0239C150>, <snowplow_tracker.self_describing_json.SelfDescribingJson object at 0x0000025E7B429190>, <snowplow_tracker.self_describing_json.SelfDescribingJson object at 0x0000025E7B428550>]}
[0m21:01:58.176342 [debug] [MainThread]: Flushing usage events
[0m21:07:24.803022 [debug] [MainThread]: Sending event: {'category': 'dbt', 'action': 'invocation', 'label': 'start', 'context': [<snowplow_tracker.self_describing_json.SelfDescribingJson object at 0x00000256FFAACE10>, <snowplow_tracker.self_describing_json.SelfDescribingJson object at 0x00000256FFAA39D0>, <snowplow_tracker.self_describing_json.SelfDescribingJson object at 0x00000256FFAA21D0>]}


============================== 21:07:24.807022 | c9a57fba-d4ab-4147-b882-22d5ef0f0c13 ==============================
[0m21:07:24.807022 [info ] [MainThread]: Running with dbt=1.7.2
[0m21:07:24.808023 [debug] [MainThread]: running dbt with arguments {'printer_width': '80', 'indirect_selection': 'eager', 'log_cache_events': 'False', 'write_json': 'True', 'partial_parse': 'True', 'cache_selected_only': 'False', 'profiles_dir': 'C:\\Users\\bruno\\.dbt', 'version_check': 'True', 'warn_error': 'None', 'log_path': 'logs', 'fail_fast': 'False', 'debug': 'False', 'use_colors': 'True', 'use_experimental_parser': 'False', 'no_print': 'None', 'quiet': 'False', 'log_format': 'default', 'static_parser': 'True', 'invocation_command': 'dbt debug', 'warn_error_options': 'WarnErrorOptions(include=[], exclude=[])', 'target_path': 'None', 'introspect': 'True', 'send_anonymous_usage_stats': 'True'}
[0m21:07:24.808023 [info ] [MainThread]: dbt version: 1.7.2
[0m21:07:24.809025 [info ] [MainThread]: python version: 3.11.4
[0m21:07:24.809025 [info ] [MainThread]: python path: C:\Users\bruno\Documents\dbtlearn\venv\Scripts\python.exe
[0m21:07:24.810024 [info ] [MainThread]: os info: Windows-10-10.0.22631-SP0
[0m21:07:24.811025 [info ] [MainThread]: Using profiles dir at C:\Users\bruno\.dbt
[0m21:07:24.811025 [info ] [MainThread]: Using profiles.yml file at C:\Users\bruno\.dbt\profiles.yml
[0m21:07:24.811025 [info ] [MainThread]: Using dbt_project.yml file at C:\Users\bruno\Documents\dbtlearn\dbt_project.yml
[0m21:07:24.812022 [info ] [MainThread]: Configuration:
[0m21:07:24.812022 [info ] [MainThread]:   profiles.yml file [[31mERROR not found[0m]
[0m21:07:24.813023 [info ] [MainThread]:   dbt_project.yml file [[31mERROR not found[0m]
[0m21:07:24.813023 [info ] [MainThread]: Required dependencies:
[0m21:07:24.814022 [debug] [MainThread]: Executing "git --help"
[0m21:07:24.840022 [debug] [MainThread]: STDOUT: "b"usage: git [-v | --version] [-h | --help] [-C <path>] [-c <name>=<value>]\n           [--exec-path[=<path>]] [--html-path] [--man-path] [--info-path]\n           [-p | --paginate | -P | --no-pager] [--no-replace-objects] [--bare]\n           [--git-dir=<path>] [--work-tree=<path>] [--namespace=<name>]\n           [--config-env=<name>=<envvar>] <command> [<args>]\n\nThese are common Git commands used in various situations:\n\nstart a working area (see also: git help tutorial)\n   clone     Clone a repository into a new directory\n   init      Create an empty Git repository or reinitialize an existing one\n\nwork on the current change (see also: git help everyday)\n   add       Add file contents to the index\n   mv        Move or rename a file, a directory, or a symlink\n   restore   Restore working tree files\n   rm        Remove files from the working tree and from the index\n\nexamine the history and state (see also: git help revisions)\n   bisect    Use binary search to find the commit that introduced a bug\n   diff      Show changes between commits, commit and working tree, etc\n   grep      Print lines matching a pattern\n   log       Show commit logs\n   show      Show various types of objects\n   status    Show the working tree status\n\ngrow, mark and tweak your common history\n   branch    List, create, or delete branches\n   commit    Record changes to the repository\n   merge     Join two or more development histories together\n   rebase    Reapply commits on top of another base tip\n   reset     Reset current HEAD to the specified state\n   switch    Switch branches\n   tag       Create, list, delete or verify a tag object signed with GPG\n\ncollaborate (see also: git help workflows)\n   fetch     Download objects and refs from another repository\n   pull      Fetch from and integrate with another repository or a local branch\n   push      Update remote refs along with associated objects\n\n'git help -a' and 'git help -g' list available subcommands and some\nconcept guides. See 'git help <command>' or 'git help <concept>'\nto read about a specific subcommand or concept.\nSee 'git help git' for an overview of the system.\n""
[0m21:07:24.840022 [debug] [MainThread]: STDERR: "b''"
[0m21:07:24.841021 [info ] [MainThread]:  - git [[32mOK found[0m]

[0m21:07:24.842022 [info ] [MainThread]: Connection test skipped since no profile was found
[0m21:07:24.842022 [info ] [MainThread]: [31m2 checks failed:[0m
[0m21:07:24.843022 [info ] [MainThread]: dbt looked for a profiles.yml file in C:\Users\bruno\.dbt\profiles.yml, but did
not find one. For more information on configuring your profile, consult the
documentation:

https://docs.getdbt.com/docs/configure-your-profile


[0m21:07:24.843022 [info ] [MainThread]: Project loading failed for the following reason:
 project path <C:\Users\bruno\Documents\dbtlearn\dbt_project.yml> not found

[0m21:07:24.844032 [debug] [MainThread]: Command `dbt debug` failed at 21:07:24.844032 after 0.05 seconds
[0m21:07:24.845035 [debug] [MainThread]: Sending event: {'category': 'dbt', 'action': 'invocation', 'label': 'end', 'context': [<snowplow_tracker.self_describing_json.SelfDescribingJson object at 0x00000256FF8FC150>, <snowplow_tracker.self_describing_json.SelfDescribingJson object at 0x00000256F89E92D0>, <snowplow_tracker.self_describing_json.SelfDescribingJson object at 0x00000256F89E9310>]}
[0m21:07:24.845035 [debug] [MainThread]: Flushing usage events
